[00:27:14.001] INITIALIZATION: car_position=0.83 sector_index=0 last_sector_time=0 completed_laps=0 total_time=0
[00:28:08.832] SECTOR TRANSITION: lap=0 sector 0 -> 1 (time=20153ms)
[00:28:33.758] SECTOR TRANSITION: lap=0 sector 1 -> 2 (time=24917ms)
[00:29:04.345] SECTOR TRANSITION: lap=0 sector 2 -> 0 (time=30591ms)
[00:29:04.345] LAP START: lap_number=1 completed_laps=1 sector_index=0 last_sector_time=30591 total_time=75661
[00:29:24.787] SECTOR TRANSITION: lap=1 sector 0 -> 1 (time=20451ms)
[00:29:24.787] SECTOR RECORDED: lap=1 sector_index=0 time=30591ms
[00:29:48.900] SECTOR TRANSITION: lap=1 sector 1 -> 2 (time=24100ms)
[00:29:48.903] SECTOR RECORDED: lap=1 sector_index=1 time=20451ms
[00:30:20.757] TELEMETRY: completed_laps=1 cur_sector=2 last_sector_time=24100 total_time=75661 | prev_sector=2 prev_time=24100 sectors_count=2
[00:30:20.757] SECTOR RECORDED: lap=1 sector_index=2 time=24100ms
[00:30:20.757] LAP COMPLETED: lap=1 total_time=75661ms sectors_recorded=3
[00:30:20.757] LAP START: lap_number=2 completed_laps=1 sector_index=2 last_sector_time=24100 total_time=75661
[00:30:20.799] SECTOR TRANSITION: lap=2 sector 2 -> 0 (time=31905ms)
[00:30:20.799] SECTOR RECORDED: lap=2 sector_index=2 time=31905ms
[00:30:20.799] TELEMETRY: completed_laps=2 cur_sector=0 last_sector_time=31905 total_time=76456 | prev_sector=2 prev_time=31905 sectors_count=1
[00:30:20.799] LAP COMPLETED: lap=2 total_time=76456ms sectors_recorded=1
[00:30:20.799] LAP START: lap_number=3 completed_laps=2 sector_index=0 last_sector_time=31905 total_time=76456
[00:30:41.497] SECTOR TRANSITION: lap=3 sector 0 -> 1 (time=20702ms)
[00:30:41.497] SECTOR RECORDED: lap=3 sector_index=0 time=31905ms
[00:31:06.441] SECTOR TRANSITION: lap=3 sector 1 -> 2 (time=24949ms)
[00:31:06.441] SECTOR RECORDED: lap=3 sector_index=1 time=20702ms
[00:31:36.184] TELEMETRY: completed_laps=2 cur_sector=2 last_sector_time=24949 total_time=76456 | prev_sector=2 prev_time=24949 sectors_count=2
[00:31:36.184] SECTOR RECORDED: lap=3 sector_index=2 time=24949ms
[00:31:36.184] LAP COMPLETED: lap=3 total_time=76456ms sectors_recorded=3
[00:31:36.184] LAP START: lap_number=4 completed_laps=2 sector_index=2 last_sector_time=24949 total_time=76456
[00:31:36.226] SECTOR TRANSITION: lap=4 sector 2 -> 0 (time=29779ms)
[00:31:36.226] SECTOR RECORDED: lap=4 sector_index=2 time=29779ms
[00:31:36.226] TELEMETRY: completed_laps=3 cur_sector=0 last_sector_time=29779 total_time=75430 | prev_sector=2 prev_time=29779 sectors_count=1
[00:31:36.226] LAP COMPLETED: lap=4 total_time=75430ms sectors_recorded=1
[00:31:36.226] LAP START: lap_number=5 completed_laps=3 sector_index=0 last_sector_time=29779 total_time=75430
[00:31:56.413] SECTOR TRANSITION: lap=5 sector 0 -> 1 (time=20172ms)
[00:31:56.413] SECTOR RECORDED: lap=5 sector_index=0 time=29779ms
[00:32:20.065] SECTOR TRANSITION: lap=5 sector 1 -> 2 (time=23650ms)
[00:32:20.065] SECTOR RECORDED: lap=5 sector_index=1 time=20172ms
[00:32:55.599] TELEMETRY: completed_laps=3 cur_sector=2 last_sector_time=23650 total_time=75430 | prev_sector=2 prev_time=23650 sectors_count=2
[00:32:55.599] SECTOR RECORDED: lap=5 sector_index=2 time=23650ms
[00:32:55.599] LAP COMPLETED: lap=5 total_time=75430ms sectors_recorded=3
[00:32:55.599] LAP START: lap_number=6 completed_laps=3 sector_index=2 last_sector_time=23650 total_time=75430
[00:32:55.640] SECTOR TRANSITION: lap=6 sector 2 -> 0 (time=35590ms)
[00:32:55.640] SECTOR RECORDED: lap=6 sector_index=2 time=35590ms
[00:32:55.640] TELEMETRY: completed_laps=4 cur_sector=0 last_sector_time=35590 total_time=79412 | prev_sector=2 prev_time=35590 sectors_count=1
[00:32:55.640] LAP COMPLETED: lap=6 total_time=79412ms sectors_recorded=1
[00:32:55.640] LAP START: lap_number=7 completed_laps=4 sector_index=0 last_sector_time=35590 total_time=79412
[00:33:15.587] SECTOR TRANSITION: lap=7 sector 0 -> 1 (time=19933ms)
[00:33:15.587] SECTOR RECORDED: lap=7 sector_index=0 time=35590ms
[00:33:39.482] SECTOR TRANSITION: lap=7 sector 1 -> 2 (time=23905ms)
[00:33:39.482] SECTOR RECORDED: lap=7 sector_index=1 time=19933ms
[00:34:09.999] TELEMETRY: completed_laps=4 cur_sector=2 last_sector_time=23905 total_time=79412 | prev_sector=2 prev_time=23905 sectors_count=2
[00:34:09.999] SECTOR RECORDED: lap=7 sector_index=2 time=23905ms
[00:34:09.999] LAP COMPLETED: lap=7 total_time=79412ms sectors_recorded=3
[00:34:09.999] LAP START: lap_number=8 completed_laps=4 sector_index=2 last_sector_time=23905 total_time=79412
[00:34:10.042] SECTOR TRANSITION: lap=8 sector 2 -> 0 (time=30555ms)
[00:34:10.043] SECTOR RECORDED: lap=8 sector_index=2 time=30555ms
[00:34:10.043] TELEMETRY: completed_laps=5 cur_sector=0 last_sector_time=30555 total_time=74393 | prev_sector=2 prev_time=30555 sectors_count=1
[00:34:10.043] LAP COMPLETED: lap=8 total_time=74393ms sectors_recorded=1
[00:34:10.043] LAP START: lap_number=9 completed_laps=5 sector_index=0 last_sector_time=30555 total_time=74393
