[00:03:40.592] INITIALIZATION: car_position=0.83 sector_index=0 last_sector_time=0 completed_laps=0 total_time=0
[00:04:36.365] SECTOR TRANSITION: lap=0 sector 0 -> 1 (time=20125ms)
[00:05:03.826] SECTOR TRANSITION: lap=0 sector 1 -> 2 (time=27461ms)
[00:05:39.617] SECTOR TRANSITION: lap=0 sector 2 -> 0 (time=35788ms)
[00:05:39.617] LAP START: lap_number=1 completed_laps=1 sector_index=0 last_sector_time=35788 total_time=83374
[00:05:59.007] SECTOR TRANSITION: lap=1 sector 0 -> 1 (time=19386ms)
[00:05:59.007] SECTOR RECORDED: lap=1 sector_index=0 time=35788ms
[00:06:23.516] SECTOR TRANSITION: lap=1 sector 1 -> 2 (time=24500ms)
[00:06:23.518] SECTOR RECORDED: lap=1 sector_index=1 time=19386ms
[00:06:55.137] TELEMETRY: completed_laps=1 cur_sector=2 last_sector_time=24500 total_time=83374 | prev_sector=2 prev_time=24500 sectors_count=2
[00:06:55.138] SECTOR RECORDED: lap=1 sector_index=2 time=24500ms
[00:06:55.138] LAP COMPLETED: lap=1 total_time=83374ms sectors_recorded=3
[00:06:55.138] LAP START: lap_number=2 completed_laps=1 sector_index=2 last_sector_time=24500 total_time=83374
[00:06:55.179] SECTOR TRANSITION: lap=2 sector 2 -> 0 (time=31672ms)
[00:06:55.180] SECTOR RECORDED: lap=2 sector_index=2 time=31672ms
[00:06:55.180] TELEMETRY: completed_laps=2 cur_sector=0 last_sector_time=31672 total_time=75558 | prev_sector=2 prev_time=31672 sectors_count=1
[00:06:55.180] LAP COMPLETED: lap=2 total_time=75558ms sectors_recorded=1
[00:06:55.180] LAP START: lap_number=3 completed_laps=2 sector_index=0 last_sector_time=31672 total_time=75558
[00:07:13.874] SECTOR TRANSITION: lap=3 sector 0 -> 1 (time=18708ms)
[00:07:13.874] SECTOR RECORDED: lap=3 sector_index=0 time=31672ms
[00:07:39.056] SECTOR TRANSITION: lap=3 sector 1 -> 2 (time=25167ms)
[00:07:39.056] SECTOR RECORDED: lap=3 sector_index=1 time=18708ms
[00:08:09.853] TELEMETRY: completed_laps=2 cur_sector=2 last_sector_time=25167 total_time=75558 | prev_sector=2 prev_time=25167 sectors_count=2
[00:08:09.853] SECTOR RECORDED: lap=3 sector_index=2 time=25167ms
[00:08:09.853] LAP COMPLETED: lap=3 total_time=75558ms sectors_recorded=3
[00:08:09.853] LAP START: lap_number=4 completed_laps=2 sector_index=2 last_sector_time=25167 total_time=75558
[00:08:09.894] SECTOR TRANSITION: lap=4 sector 2 -> 0 (time=30844ms)
[00:08:09.894] SECTOR RECORDED: lap=4 sector_index=2 time=30844ms
[00:08:09.894] TELEMETRY: completed_laps=3 cur_sector=0 last_sector_time=30844 total_time=74719 | prev_sector=2 prev_time=30844 sectors_count=1
[00:08:09.894] LAP COMPLETED: lap=4 total_time=74719ms sectors_recorded=1
[00:08:09.894] LAP START: lap_number=5 completed_laps=3 sector_index=0 last_sector_time=30844 total_time=74719
[00:08:29.249] SECTOR TRANSITION: lap=5 sector 0 -> 1 (time=19353ms)
[00:08:29.249] SECTOR RECORDED: lap=5 sector_index=0 time=30844ms
[00:08:54.783] SECTOR TRANSITION: lap=5 sector 1 -> 2 (time=25537ms)
[00:08:54.783] SECTOR RECORDED: lap=5 sector_index=1 time=19353ms
[00:09:25.831] TELEMETRY: completed_laps=3 cur_sector=2 last_sector_time=25537 total_time=74719 | prev_sector=2 prev_time=25537 sectors_count=2
[00:09:25.831] SECTOR RECORDED: lap=5 sector_index=2 time=25537ms
[00:09:25.831] LAP COMPLETED: lap=5 total_time=74719ms sectors_recorded=3
[00:09:25.831] LAP START: lap_number=6 completed_laps=3 sector_index=2 last_sector_time=25537 total_time=74719
[00:09:25.872] SECTOR TRANSITION: lap=6 sector 2 -> 0 (time=31095ms)
[00:09:25.872] SECTOR RECORDED: lap=6 sector_index=2 time=31095ms
[00:09:25.872] TELEMETRY: completed_laps=4 cur_sector=0 last_sector_time=31095 total_time=75985 | prev_sector=2 prev_time=31095 sectors_count=1
[00:09:25.872] LAP COMPLETED: lap=6 total_time=75985ms sectors_recorded=1
[00:09:25.872] LAP START: lap_number=7 completed_laps=4 sector_index=0 last_sector_time=31095 total_time=75985
[00:09:45.184] SECTOR TRANSITION: lap=7 sector 0 -> 1 (time=19303ms)
[00:09:45.184] SECTOR RECORDED: lap=7 sector_index=0 time=31095ms
[00:10:09.226] SECTOR TRANSITION: lap=7 sector 1 -> 2 (time=24033ms)
[00:10:09.226] SECTOR RECORDED: lap=7 sector_index=1 time=19303ms
[00:10:39.464] TELEMETRY: completed_laps=4 cur_sector=2 last_sector_time=24033 total_time=75985 | prev_sector=2 prev_time=24033 sectors_count=2
[00:10:39.464] SECTOR RECORDED: lap=7 sector_index=2 time=24033ms
[00:10:39.464] LAP COMPLETED: lap=7 total_time=75985ms sectors_recorded=3
[00:10:39.464] LAP START: lap_number=8 completed_laps=4 sector_index=2 last_sector_time=24033 total_time=75985
[00:10:39.506] SECTOR TRANSITION: lap=8 sector 2 -> 0 (time=30283ms)
[00:10:39.506] SECTOR RECORDED: lap=8 sector_index=2 time=30283ms
[00:10:39.506] TELEMETRY: completed_laps=5 cur_sector=0 last_sector_time=30283 total_time=73619 | prev_sector=2 prev_time=30283 sectors_count=1
[00:10:39.506] LAP COMPLETED: lap=8 total_time=73619ms sectors_recorded=1
[00:10:39.506] LAP START: lap_number=9 completed_laps=5 sector_index=0 last_sector_time=30283 total_time=73619
