[16:59:36.469] TELEMETRY: completed_laps=0 cur_sector=-1 last_sector_time=0 total_time=80210 | prev_sector=-1 prev_time=0 sectors_count=0
[16:59:36.469] LAP COMPLETED: lap=1 total_time=80210ms sectors_recorded=0
[16:59:36.469] LAP START: lap_number=2 completed_laps=1 sector_index=0 last_sector_time=31855 total_time=80210
[16:59:36.486] SECTOR TRANSITION: lap=1 sector -1 -> 0 (time=31855ms)
[16:59:58.198] SECTOR TRANSITION: lap=1 sector 0 -> 1 (time=21740ms)
[16:59:58.198] SECTOR RECORDED: lap=1 sector_index=0 time=31855ms
[17:00:22.791] SECTOR TRANSITION: lap=1 sector 1 -> 2 (time=24583ms)
[17:00:22.791] SECTOR RECORDED: lap=1 sector_index=1 time=21740ms
[17:00:53.612] TELEMETRY: completed_laps=1 cur_sector=2 last_sector_time=24583 total_time=77140 | prev_sector=2 prev_time=24583 sectors_count=2
[17:00:53.612] SECTOR RECORDED: lap=1 sector_index=2 time=24583ms
[17:00:53.612] LAP COMPLETED: lap=2 total_time=77140ms sectors_recorded=3
[17:00:53.612] LAP START: lap_number=3 completed_laps=2 sector_index=0 last_sector_time=30817 total_time=77140
[17:00:53.629] SECTOR TRANSITION: lap=2 sector -1 -> 0 (time=30817ms)
[17:01:12.797] SECTOR TRANSITION: lap=2 sector 0 -> 1 (time=19184ms)
[17:01:12.797] SECTOR RECORDED: lap=2 sector_index=0 time=30817ms
[17:01:37.530] SECTOR TRANSITION: lap=2 sector 1 -> 2 (time=24744ms)
[17:01:37.531] SECTOR RECORDED: lap=2 sector_index=1 time=19184ms
[17:02:08.621] TELEMETRY: completed_laps=2 cur_sector=2 last_sector_time=24744 total_time=75004 | prev_sector=2 prev_time=24744 sectors_count=2
[17:02:08.621] SECTOR RECORDED: lap=2 sector_index=2 time=24744ms
[17:02:08.621] LAP COMPLETED: lap=3 total_time=75004ms sectors_recorded=3
[17:02:08.621] LAP START: lap_number=4 completed_laps=3 sector_index=0 last_sector_time=31076 total_time=75004
[17:02:08.638] SECTOR TRANSITION: lap=3 sector -1 -> 0 (time=31076ms)
[17:02:29.307] SECTOR TRANSITION: lap=3 sector 0 -> 1 (time=20706ms)
[17:02:29.307] SECTOR RECORDED: lap=3 sector_index=0 time=31076ms
[17:02:36.131] SECTOR TRANSITION: lap=3 sector 1 -> 0 (time=0ms)
[17:02:36.131] SECTOR RECORDED: lap=3 sector_index=1 time=20706ms
